This is pdfTeX, Version 3.14159265-2.6-1.40.20 (MiKTeX 2.9.7000 64-bit) (preloaded format=pdflatex 2019.5.2)  25 JUN 2019 17:10
entering extended mode
**./slides.tex
(slides.tex
LaTeX2e <2018-12-01>
("C:\Users\light\AppData\Local\Programs\MiKTeX 2.9\tex/latex/beamer\beamer.cls"
Document Class: beamer 2018/12/02 v3.55 A class for typesetting presentations

("C:\Users\light\AppData\Local\Programs\MiKTeX 2.9\tex/latex/beamer\beamerbasem
odes.sty"
("C:\Users\light\AppData\Local\Programs\MiKTeX 2.9\tex/latex/etoolbox\etoolbox.
sty"
Package: etoolbox 2018/08/19 v2.5f e-TeX tools for LaTeX (JAW)
\etb@tempcnta=\count80
)
\beamer@tempbox=\box27
\beamer@tempcount=\count81
\c@beamerpauses=\count82

("C:\Users\light\AppData\Local\Programs\MiKTeX 2.9\tex/latex/beamer\beamerbased
ecode.sty"
\beamer@slideinframe=\count83
\beamer@minimum=\count84
)
\beamer@commentbox=\box28
\beamer@modecount=\count85
)
("C:\Users\light\AppData\Local\Programs\MiKTeX 2.9\tex/generic/oberdiek\ifpdf.s
ty"
Package: ifpdf 2018/09/07 v3.3 Provides the ifpdf switch
)
\headdp=\dimen102
\footheight=\dimen103
\sidebarheight=\dimen104
\beamer@tempdim=\dimen105
\beamer@finalheight=\dimen106
\beamer@animht=\dimen107
\beamer@animdp=\dimen108
\beamer@animwd=\dimen109
\beamer@leftmargin=\dimen110
\beamer@rightmargin=\dimen111
\beamer@leftsidebar=\dimen112
\beamer@rightsidebar=\dimen113
\beamer@boxsize=\dimen114
\beamer@vboxoffset=\dimen115
\beamer@descdefault=\dimen116
\beamer@descriptionwidth=\dimen117
\beamer@lastskip=\skip41
\beamer@areabox=\box29
\beamer@animcurrent=\box30
\beamer@animshowbox=\box31
\beamer@sectionbox=\box32
\beamer@logobox=\box33
\beamer@linebox=\box34
\beamer@sectioncount=\count86
\beamer@subsubsectionmax=\count87
\beamer@subsectionmax=\count88
\beamer@sectionmax=\count89
\beamer@totalheads=\count90
\beamer@headcounter=\count91
\beamer@partstartpage=\count92
\beamer@sectionstartpage=\count93
\beamer@subsectionstartpage=\count94
\beamer@animationtempa=\count95
\beamer@animationtempb=\count96
\beamer@xpos=\count97
\beamer@ypos=\count98
\beamer@ypos@offset=\count99
\beamer@showpartnumber=\count100
\beamer@currentsubsection=\count101
\beamer@coveringdepth=\count102
\beamer@sectionadjust=\count103
\beamer@tocsectionnumber=\count104

("C:\Users\light\AppData\Local\Programs\MiKTeX 2.9\tex/latex/beamer\beamerbaseo
ptions.sty"
("C:\Users\light\AppData\Local\Programs\MiKTeX 2.9\tex/latex/graphics\keyval.st
y"
Package: keyval 2014/10/28 v1.15 key=value parser (DPC)
\KV@toks@=\toks14
))
\beamer@paperwidth=\skip42
\beamer@paperheight=\skip43

("C:\Users\light\AppData\Local\Programs\MiKTeX 2.9\tex/latex/geometry\geometry.
sty"
Package: geometry 2018/04/16 v5.8 Page Geometry

("C:\Users\light\AppData\Local\Programs\MiKTeX 2.9\tex/generic/oberdiek\ifvtex.
sty"
Package: ifvtex 2016/05/16 v1.6 Detect VTeX and its facilities (HO)
Package ifvtex Info: VTeX not detected.
)
("C:\Users\light\AppData\Local\Programs\MiKTeX 2.9\tex/generic/ifxetex\ifxetex.
sty"
Package: ifxetex 2010/09/12 v0.6 Provides ifxetex conditional
)
\Gm@cnth=\count105
\Gm@cntv=\count106
\c@Gm@tempcnt=\count107
\Gm@bindingoffset=\dimen118
\Gm@wd@mp=\dimen119
\Gm@odd@mp=\dimen120
\Gm@even@mp=\dimen121
\Gm@layoutwidth=\dimen122
\Gm@layoutheight=\dimen123
\Gm@layouthoffset=\dimen124
\Gm@layoutvoffset=\dimen125
\Gm@dimlist=\toks15

("C:\Users\light\AppData\Local\Programs\MiKTeX 2.9\tex/latex/geometry\geometry.
cfg"))
("C:\Users\light\AppData\Local\Programs\MiKTeX 2.9\tex/latex/base\size11.clo"
File: size11.clo 2018/09/03 v1.4i Standard LaTeX file (size option)
)
("C:\Users\light\AppData\Local\Programs\MiKTeX 2.9\tex/latex/pgf/basiclayer\pgf
core.sty"
("C:\Users\light\AppData\Local\Programs\MiKTeX 2.9\tex/latex/graphics\graphicx.
sty"
Package: graphicx 2017/06/01 v1.1a Enhanced LaTeX Graphics (DPC,SPQR)

("C:\Users\light\AppData\Local\Programs\MiKTeX 2.9\tex/latex/graphics\graphics.
sty"
Package: graphics 2017/06/25 v1.2c Standard LaTeX Graphics (DPC,SPQR)

("C:\Users\light\AppData\Local\Programs\MiKTeX 2.9\tex/latex/graphics\trig.sty"
Package: trig 2016/01/03 v1.10 sin cos tan (DPC)
)
("C:\Users\light\AppData\Local\Programs\MiKTeX 2.9\tex/latex/graphics-cfg\graph
ics.cfg"
File: graphics.cfg 2016/06/04 v1.11 sample graphics configuration
)
Package graphics Info: Driver file: pdftex.def on input line 99.

("C:\Users\light\AppData\Local\Programs\MiKTeX 2.9\tex/latex/graphics-def\pdfte
x.def"
File: pdftex.def 2018/01/08 v1.0l Graphics/color driver for pdftex
))
\Gin@req@height=\dimen126
\Gin@req@width=\dimen127
)
("C:\Users\light\AppData\Local\Programs\MiKTeX 2.9\tex/latex/pgf/systemlayer\pg
fsys.sty"
("C:\Users\light\AppData\Local\Programs\MiKTeX 2.9\tex/latex/pgf/utilities\pgfr
cs.sty"
("C:\Users\light\AppData\Local\Programs\MiKTeX 2.9\tex/generic/pgf/utilities\pg
futil-common.tex"
\pgfutil@everybye=\toks16
\pgfutil@tempdima=\dimen128
\pgfutil@tempdimb=\dimen129

("C:\Users\light\AppData\Local\Programs\MiKTeX 2.9\tex/generic/pgf/utilities\pg
futil-common-lists.tex"))
("C:\Users\light\AppData\Local\Programs\MiKTeX 2.9\tex/generic/pgf/utilities\pg
futil-latex.def"
\pgfutil@abb=\box35

("C:\Users\light\AppData\Local\Programs\MiKTeX 2.9\tex/latex/ms\everyshi.sty"
Package: everyshi 2001/05/15 v3.00 EveryShipout Package (MS)
))
("C:\Users\light\AppData\Local\Programs\MiKTeX 2.9\tex/generic/pgf/utilities\pg
frcs.code.tex"
("C:\Users\light\AppData\Local\Programs\MiKTeX 2.9\tex/generic/pgf\pgf.revision
.tex")
Package: pgfrcs 2019/04/04 v3.1.2 (3.1.2)
))
("C:\Users\light\AppData\Local\Programs\MiKTeX 2.9\tex/generic/pgf/systemlayer\
pgfsys.code.tex"
Package: pgfsys 2019/04/04 v3.1.2 (3.1.2)

("C:\Users\light\AppData\Local\Programs\MiKTeX 2.9\tex/generic/pgf/utilities\pg
fkeys.code.tex"
\pgfkeys@pathtoks=\toks17
\pgfkeys@temptoks=\toks18

("C:\Users\light\AppData\Local\Programs\MiKTeX 2.9\tex/generic/pgf/utilities\pg
fkeysfiltered.code.tex"
\pgfkeys@tmptoks=\toks19
))
\pgf@x=\dimen130
\pgf@y=\dimen131
\pgf@xa=\dimen132
\pgf@ya=\dimen133
\pgf@xb=\dimen134
\pgf@yb=\dimen135
\pgf@xc=\dimen136
\pgf@yc=\dimen137
\w@pgf@writea=\write3
\r@pgf@reada=\read1
\c@pgf@counta=\count108
\c@pgf@countb=\count109
\c@pgf@countc=\count110
\c@pgf@countd=\count111
\t@pgf@toka=\toks20
\t@pgf@tokb=\toks21
\t@pgf@tokc=\toks22
\pgf@sys@id@count=\count112

("C:\Users\light\AppData\Local\Programs\MiKTeX 2.9\tex/generic/pgf/systemlayer\
pgf.cfg"
File: pgf.cfg 2019/04/04 v3.1.2 (3.1.2)
)
Driver file for pgf: pgfsys-pdftex.def

("C:\Users\light\AppData\Local\Programs\MiKTeX 2.9\tex/generic/pgf/systemlayer\
pgfsys-pdftex.def"
File: pgfsys-pdftex.def 2019/04/04 v3.1.2 (3.1.2)

("C:\Users\light\AppData\Local\Programs\MiKTeX 2.9\tex/generic/pgf/systemlayer\
pgfsys-common-pdf.def"
File: pgfsys-common-pdf.def 2019/04/04 v3.1.2 (3.1.2)
)))
("C:\Users\light\AppData\Local\Programs\MiKTeX 2.9\tex/generic/pgf/systemlayer\
pgfsyssoftpath.code.tex"
File: pgfsyssoftpath.code.tex 2019/04/04 v3.1.2 (3.1.2)
\pgfsyssoftpath@smallbuffer@items=\count113
\pgfsyssoftpath@bigbuffer@items=\count114
)
("C:\Users\light\AppData\Local\Programs\MiKTeX 2.9\tex/generic/pgf/systemlayer\
pgfsysprotocol.code.tex"
File: pgfsysprotocol.code.tex 2019/04/04 v3.1.2 (3.1.2)
))
("C:\Users\light\AppData\Local\Programs\MiKTeX 2.9\tex/latex/xcolor\xcolor.sty"
Package: xcolor 2016/05/11 v2.12 LaTeX color extensions (UK)

("C:\Users\light\AppData\Local\Programs\MiKTeX 2.9\tex/latex/graphics-cfg\color
.cfg"
File: color.cfg 2016/01/02 v1.6 sample color configuration
)
Package xcolor Info: Driver file: pdftex.def on input line 225.
Package xcolor Info: Model `cmy' substituted by `cmy0' on input line 1348.
Package xcolor Info: Model `hsb' substituted by `rgb' on input line 1352.
Package xcolor Info: Model `RGB' extended on input line 1364.
Package xcolor Info: Model `HTML' substituted by `rgb' on input line 1366.
Package xcolor Info: Model `Hsb' substituted by `hsb' on input line 1367.
Package xcolor Info: Model `tHsb' substituted by `hsb' on input line 1368.
Package xcolor Info: Model `HSB' substituted by `hsb' on input line 1369.
Package xcolor Info: Model `Gray' substituted by `gray' on input line 1370.
Package xcolor Info: Model `wave' substituted by `hsb' on input line 1371.
)
("C:\Users\light\AppData\Local\Programs\MiKTeX 2.9\tex/generic/pgf/basiclayer\p
gfcore.code.tex"
Package: pgfcore 2019/04/04 v3.1.2 (3.1.2)

("C:\Users\light\AppData\Local\Programs\MiKTeX 2.9\tex/generic/pgf/math\pgfmath
.code.tex"
("C:\Users\light\AppData\Local\Programs\MiKTeX 2.9\tex/generic/pgf/math\pgfmath
calc.code.tex"
("C:\Users\light\AppData\Local\Programs\MiKTeX 2.9\tex/generic/pgf/math\pgfmath
util.code.tex")
("C:\Users\light\AppData\Local\Programs\MiKTeX 2.9\tex/generic/pgf/math\pgfmath
parser.code.tex"
\pgfmath@dimen=\dimen138
\pgfmath@count=\count115
\pgfmath@box=\box36
\pgfmath@toks=\toks23
\pgfmath@stack@operand=\toks24
\pgfmath@stack@operation=\toks25
)
("C:\Users\light\AppData\Local\Programs\MiKTeX 2.9\tex/generic/pgf/math\pgfmath
functions.code.tex"
("C:\Users\light\AppData\Local\Programs\MiKTeX 2.9\tex/generic/pgf/math\pgfmath
functions.basic.code.tex")
("C:\Users\light\AppData\Local\Programs\MiKTeX 2.9\tex/generic/pgf/math\pgfmath
functions.trigonometric.code.tex")
("C:\Users\light\AppData\Local\Programs\MiKTeX 2.9\tex/generic/pgf/math\pgfmath
functions.random.code.tex")
("C:\Users\light\AppData\Local\Programs\MiKTeX 2.9\tex/generic/pgf/math\pgfmath
functions.comparison.code.tex")
("C:\Users\light\AppData\Local\Programs\MiKTeX 2.9\tex/generic/pgf/math\pgfmath
functions.base.code.tex")
("C:\Users\light\AppData\Local\Programs\MiKTeX 2.9\tex/generic/pgf/math\pgfmath
functions.round.code.tex")
("C:\Users\light\AppData\Local\Programs\MiKTeX 2.9\tex/generic/pgf/math\pgfmath
functions.misc.code.tex")
("C:\Users\light\AppData\Local\Programs\MiKTeX 2.9\tex/generic/pgf/math\pgfmath
functions.integerarithmetics.code.tex")))
("C:\Users\light\AppData\Local\Programs\MiKTeX 2.9\tex/generic/pgf/math\pgfmath
float.code.tex"
\c@pgfmathroundto@lastzeros=\count116
))
("C:\Users\light\AppData\Local\Programs\MiKTeX 2.9\tex/generic/pgf/basiclayer\p
gfcorepoints.code.tex"
File: pgfcorepoints.code.tex 2019/04/04 v3.1.2 (3.1.2)
\pgf@picminx=\dimen139
\pgf@picmaxx=\dimen140
\pgf@picminy=\dimen141
\pgf@picmaxy=\dimen142
\pgf@pathminx=\dimen143
\pgf@pathmaxx=\dimen144
\pgf@pathminy=\dimen145
\pgf@pathmaxy=\dimen146
\pgf@xx=\dimen147
\pgf@xy=\dimen148
\pgf@yx=\dimen149
\pgf@yy=\dimen150
\pgf@zx=\dimen151
\pgf@zy=\dimen152
)
("C:\Users\light\AppData\Local\Programs\MiKTeX 2.9\tex/generic/pgf/basiclayer\p
gfcorepathconstruct.code.tex"
File: pgfcorepathconstruct.code.tex 2019/04/04 v3.1.2 (3.1.2)
\pgf@path@lastx=\dimen153
\pgf@path@lasty=\dimen154
)
("C:\Users\light\AppData\Local\Programs\MiKTeX 2.9\tex/generic/pgf/basiclayer\p
gfcorepathusage.code.tex"
File: pgfcorepathusage.code.tex 2019/04/04 v3.1.2 (3.1.2)
\pgf@shorten@end@additional=\dimen155
\pgf@shorten@start@additional=\dimen156
)
("C:\Users\light\AppData\Local\Programs\MiKTeX 2.9\tex/generic/pgf/basiclayer\p
gfcorescopes.code.tex"
File: pgfcorescopes.code.tex 2019/04/04 v3.1.2 (3.1.2)
\pgfpic=\box37
\pgf@hbox=\box38
\pgf@layerbox@main=\box39
\pgf@picture@serial@count=\count117
)
("C:\Users\light\AppData\Local\Programs\MiKTeX 2.9\tex/generic/pgf/basiclayer\p
gfcoregraphicstate.code.tex"
File: pgfcoregraphicstate.code.tex 2019/04/04 v3.1.2 (3.1.2)
\pgflinewidth=\dimen157
)
("C:\Users\light\AppData\Local\Programs\MiKTeX 2.9\tex/generic/pgf/basiclayer\p
gfcoretransformations.code.tex"
File: pgfcoretransformations.code.tex 2019/04/04 v3.1.2 (3.1.2)
\pgf@pt@x=\dimen158
\pgf@pt@y=\dimen159
\pgf@pt@temp=\dimen160
)
("C:\Users\light\AppData\Local\Programs\MiKTeX 2.9\tex/generic/pgf/basiclayer\p
gfcorequick.code.tex"
File: pgfcorequick.code.tex 2019/04/04 v3.1.2 (3.1.2)
)
("C:\Users\light\AppData\Local\Programs\MiKTeX 2.9\tex/generic/pgf/basiclayer\p
gfcoreobjects.code.tex"
File: pgfcoreobjects.code.tex 2019/04/04 v3.1.2 (3.1.2)
)
("C:\Users\light\AppData\Local\Programs\MiKTeX 2.9\tex/generic/pgf/basiclayer\p
gfcorepathprocessing.code.tex"
File: pgfcorepathprocessing.code.tex 2019/04/04 v3.1.2 (3.1.2)
)
("C:\Users\light\AppData\Local\Programs\MiKTeX 2.9\tex/generic/pgf/basiclayer\p
gfcorearrows.code.tex"
File: pgfcorearrows.code.tex 2019/04/04 v3.1.2 (3.1.2)
\pgfarrowsep=\dimen161
)
("C:\Users\light\AppData\Local\Programs\MiKTeX 2.9\tex/generic/pgf/basiclayer\p
gfcoreshade.code.tex"
File: pgfcoreshade.code.tex 2019/04/04 v3.1.2 (3.1.2)
\pgf@max=\dimen162
\pgf@sys@shading@range@num=\count118
\pgf@shadingcount=\count119
)
("C:\Users\light\AppData\Local\Programs\MiKTeX 2.9\tex/generic/pgf/basiclayer\p
gfcoreimage.code.tex"
File: pgfcoreimage.code.tex 2019/04/04 v3.1.2 (3.1.2)

("C:\Users\light\AppData\Local\Programs\MiKTeX 2.9\tex/generic/pgf/basiclayer\p
gfcoreexternal.code.tex"
File: pgfcoreexternal.code.tex 2019/04/04 v3.1.2 (3.1.2)
\pgfexternal@startupbox=\box40
))
("C:\Users\light\AppData\Local\Programs\MiKTeX 2.9\tex/generic/pgf/basiclayer\p
gfcorelayers.code.tex"
File: pgfcorelayers.code.tex 2019/04/04 v3.1.2 (3.1.2)
)
("C:\Users\light\AppData\Local\Programs\MiKTeX 2.9\tex/generic/pgf/basiclayer\p
gfcoretransparency.code.tex"
File: pgfcoretransparency.code.tex 2019/04/04 v3.1.2 (3.1.2)
)
("C:\Users\light\AppData\Local\Programs\MiKTeX 2.9\tex/generic/pgf/basiclayer\p
gfcorepatterns.code.tex"
File: pgfcorepatterns.code.tex 2019/04/04 v3.1.2 (3.1.2)
)
("C:\Users\light\AppData\Local\Programs\MiKTeX 2.9\tex/generic/pgf/basiclayer\p
gfcorerdf.code.tex"
File: pgfcorerdf.code.tex 2019/04/04 v3.1.2 (3.1.2)
)))
("C:\Users\light\AppData\Local\Programs\MiKTeX 2.9\tex/latex/pgf/utilities\xxco
lor.sty"
Package: xxcolor 2003/10/24 ver 0.1
\XC@nummixins=\count120
\XC@countmixins=\count121
)
("C:\Users\light\AppData\Local\Programs\MiKTeX 2.9\tex/generic/oberdiek\atbegsh
i.sty"
Package: atbegshi 2016/06/09 v1.18 At begin shipout hook (HO)

("C:\Users\light\AppData\Local\Programs\MiKTeX 2.9\tex/generic/oberdiek\infware
rr.sty"
Package: infwarerr 2016/05/16 v1.4 Providing info/warning/error messages (HO)
)
("C:\Users\light\AppData\Local\Programs\MiKTeX 2.9\tex/generic/oberdiek\ltxcmds
.sty"
Package: ltxcmds 2016/05/16 v1.23 LaTeX kernel commands for general use (HO)
))
("C:\Users\light\AppData\Local\Programs\MiKTeX 2.9\tex/latex/hyperref\hyperref.
sty"
Package: hyperref 2018/11/30 v6.88e Hypertext links for LaTeX

("C:\Users\light\AppData\Local\Programs\MiKTeX 2.9\tex/generic/oberdiek\hobsub-
hyperref.sty"
Package: hobsub-hyperref 2016/05/16 v1.14 Bundle oberdiek, subset hyperref (HO)


("C:\Users\light\AppData\Local\Programs\MiKTeX 2.9\tex/generic/oberdiek\hobsub-
generic.sty"
Package: hobsub-generic 2016/05/16 v1.14 Bundle oberdiek, subset generic (HO)
Package: hobsub 2016/05/16 v1.14 Construct package bundles (HO)
Package hobsub Info: Skipping package `infwarerr' (already loaded).
Package hobsub Info: Skipping package `ltxcmds' (already loaded).
Package: ifluatex 2016/05/16 v1.4 Provides the ifluatex switch (HO)
Package ifluatex Info: LuaTeX not detected.
Package hobsub Info: Skipping package `ifvtex' (already loaded).
Package: intcalc 2016/05/16 v1.2 Expandable calculations with integers (HO)
Package hobsub Info: Skipping package `ifpdf' (already loaded).
Package: etexcmds 2016/05/16 v1.6 Avoid name clashes with e-TeX commands (HO)
Package: kvsetkeys 2016/05/16 v1.17 Key value parser (HO)
Package: kvdefinekeys 2016/05/16 v1.4 Define keys (HO)
Package: pdftexcmds 2018/09/10 v0.29 Utility functions of pdfTeX for LuaTeX (HO
)
Package pdftexcmds Info: LuaTeX not detected.
Package pdftexcmds Info: \pdf@primitive is available.
Package pdftexcmds Info: \pdf@ifprimitive is available.
Package pdftexcmds Info: \pdfdraftmode found.
Package: pdfescape 2016/05/16 v1.14 Implements pdfTeX's escape features (HO)
Package: bigintcalc 2016/05/16 v1.4 Expandable calculations on big integers (HO
)
Package: bitset 2016/05/16 v1.2 Handle bit-vector datatype (HO)
Package: uniquecounter 2016/05/16 v1.3 Provide unlimited unique counter (HO)
)
Package hobsub Info: Skipping package `hobsub' (already loaded).
Package: letltxmacro 2016/05/16 v1.5 Let assignment for LaTeX macros (HO)
Package: hopatch 2016/05/16 v1.3 Wrapper for package hooks (HO)
Package: xcolor-patch 2016/05/16 xcolor patch
Package: atveryend 2016/05/16 v1.9 Hooks at the very end of document (HO)
Package hobsub Info: Skipping package `atbegshi' (already loaded).
Package: refcount 2016/05/16 v3.5 Data extraction from label references (HO)
Package: hycolor 2016/05/16 v1.8 Color options for hyperref/bookmark (HO)
)
("C:\Users\light\AppData\Local\Programs\MiKTeX 2.9\tex/latex/oberdiek\auxhook.s
ty"
Package: auxhook 2016/05/16 v1.4 Hooks for auxiliary files (HO)
)
("C:\Users\light\AppData\Local\Programs\MiKTeX 2.9\tex/latex/oberdiek\kvoptions
.sty"
Package: kvoptions 2016/05/16 v3.12 Key value format for package options (HO)
)
\@linkdim=\dimen163
\Hy@linkcounter=\count122
\Hy@pagecounter=\count123

("C:\Users\light\AppData\Local\Programs\MiKTeX 2.9\tex/latex/hyperref\pd1enc.de
f"
File: pd1enc.def 2018/11/30 v6.88e Hyperref: PDFDocEncoding definition (HO)
Now handling font encoding PD1 ...
... no UTF-8 mapping file for font encoding PD1
)
\Hy@SavedSpaceFactor=\count124

("C:\Users\light\AppData\Local\Programs\MiKTeX 2.9\tex/latex/00miktex\hyperref.
cfg"
File: hyperref.cfg 2002/06/06 v1.2 hyperref configuration of TeXLive
)
Package hyperref Info: Option `bookmarks' set `true' on input line 4393.
Package hyperref Info: Option `bookmarksopen' set `true' on input line 4393.
Package hyperref Info: Option `implicit' set `false' on input line 4393.
Package hyperref Info: Hyper figures OFF on input line 4519.
Package hyperref Info: Link nesting OFF on input line 4524.
Package hyperref Info: Hyper index ON on input line 4527.
Package hyperref Info: Plain pages OFF on input line 4534.
Package hyperref Info: Backreferencing OFF on input line 4539.
Package hyperref Info: Implicit mode OFF; no redefinition of LaTeX internals.
Package hyperref Info: Bookmarks ON on input line 4772.
\c@Hy@tempcnt=\count125
 ("C:\Users\light\AppData\Local\Programs\MiKTeX 2.9\tex/latex/url\url.sty"
\Urlmuskip=\muskip10
Package: url 2013/09/16  ver 3.4  Verb mode for urls, etc.
)
LaTeX Info: Redefining \url on input line 5125.
\XeTeXLinkMargin=\dimen164
\Fld@menulength=\count126
\Field@Width=\dimen165
\Fld@charsize=\dimen166
Package hyperref Info: Hyper figures OFF on input line 6380.
Package hyperref Info: Link nesting OFF on input line 6385.
Package hyperref Info: Hyper index ON on input line 6388.
Package hyperref Info: backreferencing OFF on input line 6395.
Package hyperref Info: Link coloring OFF on input line 6400.
Package hyperref Info: Link coloring with OCG OFF on input line 6405.
Package hyperref Info: PDF/A mode OFF on input line 6410.
LaTeX Info: Redefining \ref on input line 6450.
LaTeX Info: Redefining \pageref on input line 6454.
\Hy@abspage=\count127


Package hyperref Message: Stopped early.

)
Package hyperref Info: Driver (autodetected): hpdftex.

("C:\Users\light\AppData\Local\Programs\MiKTeX 2.9\tex/latex/hyperref\hpdftex.d
ef"
File: hpdftex.def 2018/11/30 v6.88e Hyperref driver for pdfTeX
\Fld@listcount=\count128
\c@bookmark@seq@number=\count129

("C:\Users\light\AppData\Local\Programs\MiKTeX 2.9\tex/latex/oberdiek\rerunfile
check.sty"
Package: rerunfilecheck 2016/05/16 v1.8 Rerun checks for auxiliary files (HO)
Package uniquecounter Info: New unique counter `rerunfilecheck' on input line 2
82.
))
("C:\Users\light\AppData\Local\Programs\MiKTeX 2.9\tex/latex/beamer\beamerbaser
equires.sty"
("C:\Users\light\AppData\Local\Programs\MiKTeX 2.9\tex/latex/beamer\beamerbasec
ompatibility.sty")
("C:\Users\light\AppData\Local\Programs\MiKTeX 2.9\tex/latex/beamer\beamerbasef
ont.sty"
("C:\Users\light\AppData\Local\Programs\MiKTeX 2.9\tex/latex/amsfonts\amssymb.s
ty"
Package: amssymb 2013/01/14 v3.01 AMS font symbols

("C:\Users\light\AppData\Local\Programs\MiKTeX 2.9\tex/latex/amsfonts\amsfonts.
sty"
Package: amsfonts 2013/01/14 v3.01 Basic AMSFonts support
\@emptytoks=\toks26
\symAMSa=\mathgroup4
\symAMSb=\mathgroup5
LaTeX Font Info:    Overwriting math alphabet `\mathfrak' in version `bold'
(Font)                  U/euf/m/n --> U/euf/b/n on input line 106.
))
("C:\Users\light\AppData\Local\Programs\MiKTeX 2.9\tex/latex/sansmathaccent\san
smathaccent.sty"
Package: sansmathaccent 2013/03/28

("C:\Users\light\AppData\Local\Programs\MiKTeX 2.9\tex/latex/filehook\filehook.
sty"
Package: filehook 2011/10/12 v0.5d Hooks for input files
)))
("C:\Users\light\AppData\Local\Programs\MiKTeX 2.9\tex/latex/beamer\beamerbaset
ranslator.sty"
("C:\Users\light\AppData\Local\Programs\MiKTeX 2.9\tex/latex/translator\transla
tor.sty"
Package: translator 2018/01/04 v1.12 Easy translation of strings in LaTeX
))
("C:\Users\light\AppData\Local\Programs\MiKTeX 2.9\tex/latex/beamer\beamerbasem
isc.sty")
("C:\Users\light\AppData\Local\Programs\MiKTeX 2.9\tex/latex/beamer\beamerbaset
woscreens.sty")
("C:\Users\light\AppData\Local\Programs\MiKTeX 2.9\tex/latex/beamer\beamerbaseo
verlay.sty"
\beamer@argscount=\count130
\beamer@lastskipcover=\skip44
\beamer@trivlistdepth=\count131
)
("C:\Users\light\AppData\Local\Programs\MiKTeX 2.9\tex/latex/beamer\beamerbaset
itle.sty")
("C:\Users\light\AppData\Local\Programs\MiKTeX 2.9\tex/latex/beamer\beamerbases
ection.sty"
\c@lecture=\count132
\c@part=\count133
\c@section=\count134
\c@subsection=\count135
\c@subsubsection=\count136
)
("C:\Users\light\AppData\Local\Programs\MiKTeX 2.9\tex/latex/beamer\beamerbasef
rame.sty"
\beamer@framebox=\box41
\beamer@frametitlebox=\box42
\beamer@zoombox=\box43
\beamer@zoomcount=\count137
\beamer@zoomframecount=\count138
\beamer@frametextheight=\dimen167
\c@subsectionslide=\count139
\beamer@frametopskip=\skip45
\beamer@framebottomskip=\skip46
\beamer@frametopskipautobreak=\skip47
\beamer@framebottomskipautobreak=\skip48
\beamer@envbody=\toks27
\framewidth=\dimen168
\c@framenumber=\count140
)
("C:\Users\light\AppData\Local\Programs\MiKTeX 2.9\tex/latex/beamer\beamerbasev
erbatim.sty"
\beamer@verbatimfileout=\write4
)
("C:\Users\light\AppData\Local\Programs\MiKTeX 2.9\tex/latex/beamer\beamerbasef
ramesize.sty"
\beamer@splitbox=\box44
\beamer@autobreakcount=\count141
\beamer@autobreaklastheight=\dimen169
\beamer@frametitletoks=\toks28
\beamer@framesubtitletoks=\toks29
)
("C:\Users\light\AppData\Local\Programs\MiKTeX 2.9\tex/latex/beamer\beamerbasef
ramecomponents.sty"
\beamer@footins=\box45
)
("C:\Users\light\AppData\Local\Programs\MiKTeX 2.9\tex/latex/beamer\beamerbasec
olor.sty")
("C:\Users\light\AppData\Local\Programs\MiKTeX 2.9\tex/latex/beamer\beamerbasen
otes.sty"
\beamer@frameboxcopy=\box46
)
("C:\Users\light\AppData\Local\Programs\MiKTeX 2.9\tex/latex/beamer\beamerbaset
oc.sty")
("C:\Users\light\AppData\Local\Programs\MiKTeX 2.9\tex/latex/beamer\beamerbaset
emplates.sty"
\beamer@sbttoks=\toks30

("C:\Users\light\AppData\Local\Programs\MiKTeX 2.9\tex/latex/beamer\beamerbasea
uxtemplates.sty"
("C:\Users\light\AppData\Local\Programs\MiKTeX 2.9\tex/latex/beamer\beamerbaseb
oxes.sty"
\bmb@box=\box47
\bmb@colorbox=\box48
\bmb@boxshadow=\box49
\bmb@boxshadowball=\box50
\bmb@boxshadowballlarge=\box51
\bmb@temp=\dimen170
\bmb@dima=\dimen171
\bmb@dimb=\dimen172
\bmb@prevheight=\dimen173
)
\beamer@blockheadheight=\dimen174
))
("C:\Users\light\AppData\Local\Programs\MiKTeX 2.9\tex/latex/beamer\beamerbasel
ocalstructure.sty"
("C:\Users\light\AppData\Local\Programs\MiKTeX 2.9\tex/latex/tools\enumerate.st
y"
Package: enumerate 2015/07/23 v3.00 enumerate extensions (DPC)
\@enLab=\toks31
)
\c@figure=\count142
\c@table=\count143
\abovecaptionskip=\skip49
\belowcaptionskip=\skip50
)
("C:\Users\light\AppData\Local\Programs\MiKTeX 2.9\tex/latex/beamer\beamerbasen
avigation.sty"
\beamer@section@min@dim=\dimen175
)
("C:\Users\light\AppData\Local\Programs\MiKTeX 2.9\tex/latex/beamer\beamerbaset
heorems.sty"
("C:\Users\light\AppData\Local\Programs\MiKTeX 2.9\tex/latex/amsmath\amsmath.st
y"
Package: amsmath 2018/12/01 v2.17b AMS math features
\@mathmargin=\skip51

For additional information on amsmath, use the `?' option.

("C:\Users\light\AppData\Local\Programs\MiKTeX 2.9\tex/latex/amsmath\amstext.st
y"
Package: amstext 2000/06/29 v2.01 AMS text

("C:\Users\light\AppData\Local\Programs\MiKTeX 2.9\tex/latex/amsmath\amsgen.sty
"
File: amsgen.sty 1999/11/30 v2.0 generic functions
\@emptytoks=\toks32
\ex@=\dimen176
))
("C:\Users\light\AppData\Local\Programs\MiKTeX 2.9\tex/latex/amsmath\amsbsy.sty
"
Package: amsbsy 1999/11/29 v1.2d Bold Symbols
\pmbraise@=\dimen177
)
("C:\Users\light\AppData\Local\Programs\MiKTeX 2.9\tex/latex/amsmath\amsopn.sty
"
Package: amsopn 2016/03/08 v2.02 operator names
)
\inf@bad=\count144
LaTeX Info: Redefining \frac on input line 223.
\uproot@=\count145
\leftroot@=\count146
LaTeX Info: Redefining \overline on input line 385.
\classnum@=\count147
\DOTSCASE@=\count148
LaTeX Info: Redefining \ldots on input line 482.
LaTeX Info: Redefining \dots on input line 485.
LaTeX Info: Redefining \cdots on input line 606.
\Mathstrutbox@=\box52
\strutbox@=\box53
\big@size=\dimen178
LaTeX Font Info:    Redeclaring font encoding OML on input line 729.
LaTeX Font Info:    Redeclaring font encoding OMS on input line 730.
\macc@depth=\count149
\c@MaxMatrixCols=\count150
\dotsspace@=\muskip11
\c@parentequation=\count151
\dspbrk@lvl=\count152
\tag@help=\toks33
\row@=\count153
\column@=\count154
\maxfields@=\count155
\andhelp@=\toks34
\eqnshift@=\dimen179
\alignsep@=\dimen180
\tagshift@=\dimen181
\tagwidth@=\dimen182
\totwidth@=\dimen183
\lineht@=\dimen184
\@envbody=\toks35
\multlinegap=\skip52
\multlinetaggap=\skip53
\mathdisplay@stack=\toks36
LaTeX Info: Redefining \[ on input line 2844.
LaTeX Info: Redefining \] on input line 2845.
)
("C:\Users\light\AppData\Local\Programs\MiKTeX 2.9\tex/latex/amscls\amsthm.sty"
Package: amsthm 2017/10/31 v2.20.4
\thm@style=\toks37
\thm@bodyfont=\toks38
\thm@headfont=\toks39
\thm@notefont=\toks40
\thm@headpunct=\toks41
\thm@preskip=\skip54
\thm@postskip=\skip55
\thm@headsep=\skip56
\dth@everypar=\toks42
)
\c@theorem=\count156
)
("C:\Users\light\AppData\Local\Programs\MiKTeX 2.9\tex/latex/beamer\beamerbaset
hemes.sty"))
("C:\Users\light\AppData\Local\Programs\MiKTeX 2.9\tex/latex/beamer\beamertheme
default.sty"
("C:\Users\light\AppData\Local\Programs\MiKTeX 2.9\tex/latex/beamer\beamerfontt
hemedefault.sty")
("C:\Users\light\AppData\Local\Programs\MiKTeX 2.9\tex/latex/beamer\beamercolor
themedefault.sty")
("C:\Users\light\AppData\Local\Programs\MiKTeX 2.9\tex/latex/beamer\beamerinner
themedefault.sty"
\beamer@dima=\dimen185
\beamer@dimb=\dimen186
)
("C:\Users\light\AppData\Local\Programs\MiKTeX 2.9\tex/latex/beamer\beamerouter
themedefault.sty")))
("C:\Users\light\AppData\Local\Programs\MiKTeX 2.9\tex/latex/bbm\bbm.sty"
Package: bbm 1999/03/15 V 1.2 provides fonts for set symbols - TH
LaTeX Font Info:    Overwriting math alphabet `\mathbbm' in version `bold'
(Font)                  U/bbm/m/n --> U/bbm/bx/n on input line 33.
LaTeX Font Info:    Overwriting math alphabet `\mathbbmss' in version `bold'
(Font)                  U/bbmss/m/n --> U/bbmss/bx/n on input line 35.
)
("C:\Users\light\AppData\Local\Programs\MiKTeX 2.9\tex/latex/lipsum\lipsum.sty"
("C:\Users\light\AppData\Local\Programs\MiKTeX 2.9\tex/latex/l3kernel\expl3.sty
"
Package: expl3 2019-04-21 L3 programming layer (loader) 

("C:\Users\light\AppData\Local\Programs\MiKTeX 2.9\tex/latex/l3kernel\expl3-cod
e.tex"
Package: expl3 2019-04-21 L3 programming layer (code)
\c_max_int=\count157
\l_tmpa_int=\count158
\l_tmpb_int=\count159
\g_tmpa_int=\count160
\g_tmpb_int=\count161
\g__kernel_prg_map_int=\count162
\c__ior_term_ior=\count163
\c_log_iow=\count164
\l_iow_line_count_int=\count165
\l__iow_line_target_int=\count166
\l__iow_one_indent_int=\count167
\l__iow_indent_int=\count168
\c_zero_dim=\dimen187
\c_max_dim=\dimen188
\l_tmpa_dim=\dimen189
\l_tmpb_dim=\dimen190
\g_tmpa_dim=\dimen191
\g_tmpb_dim=\dimen192
\c_zero_skip=\skip57
\c_max_skip=\skip58
\l_tmpa_skip=\skip59
\l_tmpb_skip=\skip60
\g_tmpa_skip=\skip61
\g_tmpb_skip=\skip62
\c_zero_muskip=\muskip12
\c_max_muskip=\muskip13
\l_tmpa_muskip=\muskip14
\l_tmpb_muskip=\muskip15
\g_tmpa_muskip=\muskip16
\g_tmpb_muskip=\muskip17
\l_keys_choice_int=\count169
\l__intarray_loop_int=\count170
\c__intarray_sp_dim=\dimen193
\g__intarray_font_int=\count171
\c__fp_leading_shift_int=\count172
\c__fp_middle_shift_int=\count173
\c__fp_trailing_shift_int=\count174
\c__fp_big_leading_shift_int=\count175
\c__fp_big_middle_shift_int=\count176
\c__fp_big_trailing_shift_int=\count177
\c__fp_Bigg_leading_shift_int=\count178
\c__fp_Bigg_middle_shift_int=\count179
\c__fp_Bigg_trailing_shift_int=\count180
\c__kernel_randint_max_int=\count181
\g__fp_array_int=\count182
\l__fp_array_loop_int=\count183
\l__sort_length_int=\count184
\l__sort_min_int=\count185
\l__sort_top_int=\count186
\l__sort_max_int=\count187
\l__sort_true_max_int=\count188
\l__sort_block_int=\count189
\l__sort_begin_int=\count190
\l__sort_end_int=\count191
\l__sort_A_int=\count192
\l__sort_B_int=\count193
\l__sort_C_int=\count194
\l__tl_analysis_normal_int=\count195
\l__tl_analysis_index_int=\count196
\l__tl_analysis_nesting_int=\count197
\l__tl_analysis_type_int=\count198
\l__regex_internal_a_int=\count199
\l__regex_internal_b_int=\count266
\l__regex_internal_c_int=\count267
\l__regex_balance_int=\count268
\l__regex_group_level_int=\count269
\l__regex_mode_int=\count270
\c__regex_cs_in_class_mode_int=\count271
\c__regex_cs_mode_int=\count272
\l__regex_catcodes_int=\count273
\l__regex_default_catcodes_int=\count274
\c__regex_catcode_D_int=\count275
\c__regex_catcode_S_int=\count276
\c__regex_catcode_L_int=\count277
\c__regex_catcode_O_int=\count278
\c__regex_catcode_A_int=\count279
\c__regex_all_catcodes_int=\count280
\l__regex_show_lines_int=\count281
\l__regex_min_state_int=\count282
\l__regex_max_state_int=\count283
\l__regex_left_state_int=\count284
\l__regex_right_state_int=\count285
\l__regex_capturing_group_int=\count286
\l__regex_min_pos_int=\count287
\l__regex_max_pos_int=\count288
\l__regex_curr_pos_int=\count289
\l__regex_start_pos_int=\count290
\l__regex_success_pos_int=\count291
\l__regex_curr_char_int=\count292
\l__regex_curr_catcode_int=\count293
\l__regex_last_char_int=\count294
\l__regex_case_changed_char_int=\count295
\l__regex_curr_state_int=\count296
\l__regex_step_int=\count297
\l__regex_min_active_int=\count298
\l__regex_max_active_int=\count299
\l__regex_replacement_csnames_int=\count300
\l__regex_match_count_int=\count301
\l__regex_min_submatch_int=\count302
\l__regex_submatch_int=\count303
\l__regex_zeroth_submatch_int=\count304
\g__regex_trace_regex_int=\count305
\c_empty_box=\box54
\l_tmpa_box=\box55
\l_tmpb_box=\box56
\g_tmpa_box=\box57
\g_tmpb_box=\box58
\l__box_top_dim=\dimen194
\l__box_bottom_dim=\dimen195
\l__box_left_dim=\dimen196
\l__box_right_dim=\dimen197
\l__box_top_new_dim=\dimen198
\l__box_bottom_new_dim=\dimen199
\l__box_left_new_dim=\dimen256
\l__box_right_new_dim=\dimen257
\l__box_internal_box=\box59
\l__coffin_internal_box=\box60
\l__coffin_internal_dim=\dimen258
\l__coffin_offset_x_dim=\dimen259
\l__coffin_offset_y_dim=\dimen260
\l__coffin_x_dim=\dimen261
\l__coffin_y_dim=\dimen262
\l__coffin_x_prime_dim=\dimen263
\l__coffin_y_prime_dim=\dimen264
\c_empty_coffin=\box61
\l__coffin_aligned_coffin=\box62
\l__coffin_aligned_internal_coffin=\box63
\l_tmpa_coffin=\box64
\l_tmpb_coffin=\box65
\g_tmpa_coffin=\box66
\g_tmpb_coffin=\box67
\l__coffin_bounding_shift_dim=\dimen265
\l__coffin_left_corner_dim=\dimen266
\l__coffin_right_corner_dim=\dimen267
\l__coffin_bottom_corner_dim=\dimen268
\l__coffin_top_corner_dim=\dimen269
\l__coffin_scaled_total_height_dim=\dimen270
\l__coffin_scaled_width_dim=\dimen271
\c__coffin_empty_coffin=\box68
\l__coffin_display_coffin=\box69
\l__coffin_display_coord_coffin=\box70
\l__coffin_display_pole_coffin=\box71
\l__coffin_display_offset_dim=\dimen272
\l__coffin_display_x_dim=\dimen273
\l__coffin_display_y_dim=\dimen274
\g__file_internal_ior=\read2
\l__seq_internal_a_int=\count306
\l__seq_internal_b_int=\count307
\c__deprecation_minus_one=\count308
)
("C:\Users\light\AppData\Local\Programs\MiKTeX 2.9\tex/latex/l3kernel\l3pdfmode
.def"
File: l3pdfmode.def 2019-04-06 v L3 Experimental driver: PDF mode
\l__driver_color_stack_int=\count309
))
("C:\Users\light\AppData\Local\Programs\MiKTeX 2.9\tex/latex/l3packages/xparse\
xparse.sty"
Package: xparse 2019-03-05 L3 Experimental document command parser
\l__xparse_current_arg_int=\count310
\g__xparse_grabber_int=\count311
\l__xparse_m_args_int=\count312
\l__xparse_v_nesting_int=\count313
)
Package: lipsum 2019/01/02 v2.2 150 paragraphs of Lorem Ipsum dummy text

("C:\Users\light\AppData\Local\Programs\MiKTeX 2.9\tex/latex/lipsum\lipsum.ltd.
tex"
File: lipsum.ltd.tex 2019/01/02 v2.2 The Lorem ipsum dummy text
))
("C:\Users\light\AppData\Local\Programs\MiKTeX 2.9\tex/latex/enumitem\enumitem.
sty"
Package: enumitem 2019/02/04 v3.8 Customized lists
\labelindent=\skip63
\enit@outerparindent=\dimen275
\enit@toks=\toks43
\enit@inbox=\box72
\enit@count@id=\count314
\enitdp@description=\count315
)
("C:\Users\light\AppData\Local\Programs\MiKTeX 2.9\tex/latex/psnfss\pifont.sty"
Package: pifont 2005/04/12 PSNFSS-v9.2a Pi font support (SPQR) 
LaTeX Font Info:    Try loading font information for U+pzd on input line 63.
("C:\Users\light\AppData\Local\Programs\MiKTeX 2.9\tex/latex/psnfss\upzd.fd"
File: upzd.fd 2001/06/04 font definitions for U/pzd.
)
LaTeX Font Info:    Try loading font information for U+psy on input line 64.

("C:\Users\light\AppData\Local\Programs\MiKTeX 2.9\tex/latex/psnfss\upsy.fd"
File: upsy.fd 2001/06/04 font definitions for U/psy.
))
("C:\Users\light\AppData\Local\Programs\MiKTeX 2.9\tex/latex/pgf/frontendlayer\
tikz.sty"
("C:\Users\light\AppData\Local\Programs\MiKTeX 2.9\tex/latex/pgf/basiclayer\pgf
.sty"
Package: pgf 2019/04/04 v3.1.2 (3.1.2)

("C:\Users\light\AppData\Local\Programs\MiKTeX 2.9\tex/generic/pgf/modules\pgfm
oduleshapes.code.tex"
File: pgfmoduleshapes.code.tex 2019/04/04 v3.1.2 (3.1.2)
\pgfnodeparttextbox=\box73
)
("C:\Users\light\AppData\Local\Programs\MiKTeX 2.9\tex/generic/pgf/modules\pgfm
oduleplot.code.tex"
File: pgfmoduleplot.code.tex 2019/04/04 v3.1.2 (3.1.2)
)
("C:\Users\light\AppData\Local\Programs\MiKTeX 2.9\tex/latex/pgf/compatibility\
pgfcomp-version-0-65.sty"
Package: pgfcomp-version-0-65 2019/04/04 v3.1.2 (3.1.2)
\pgf@nodesepstart=\dimen276
\pgf@nodesepend=\dimen277
)
("C:\Users\light\AppData\Local\Programs\MiKTeX 2.9\tex/latex/pgf/compatibility\
pgfcomp-version-1-18.sty"
Package: pgfcomp-version-1-18 2019/04/04 v3.1.2 (3.1.2)
))
("C:\Users\light\AppData\Local\Programs\MiKTeX 2.9\tex/latex/pgf/utilities\pgff
or.sty"
("C:\Users\light\AppData\Local\Programs\MiKTeX 2.9\tex/latex/pgf/utilities\pgfk
eys.sty"
("C:\Users\light\AppData\Local\Programs\MiKTeX 2.9\tex/generic/pgf/utilities\pg
fkeys.code.tex"))
("C:\Users\light\AppData\Local\Programs\MiKTeX 2.9\tex/latex/pgf/math\pgfmath.s
ty"
("C:\Users\light\AppData\Local\Programs\MiKTeX 2.9\tex/generic/pgf/math\pgfmath
.code.tex"))
("C:\Users\light\AppData\Local\Programs\MiKTeX 2.9\tex/generic/pgf/utilities\pg
ffor.code.tex"
Package: pgffor 2019/04/04 v3.1.2 (3.1.2)

("C:\Users\light\AppData\Local\Programs\MiKTeX 2.9\tex/generic/pgf/math\pgfmath
.code.tex")
\pgffor@iter=\dimen278
\pgffor@skip=\dimen279
\pgffor@stack=\toks44
\pgffor@toks=\toks45
))
("C:\Users\light\AppData\Local\Programs\MiKTeX 2.9\tex/generic/pgf/frontendlaye
r/tikz\tikz.code.tex"
Package: tikz 2019/04/04 v3.1.2 (3.1.2)

("C:\Users\light\AppData\Local\Programs\MiKTeX 2.9\tex/generic/pgf/libraries\pg
flibraryplothandlers.code.tex"
File: pgflibraryplothandlers.code.tex 2019/04/04 v3.1.2 (3.1.2)
\pgf@plot@mark@count=\count316
\pgfplotmarksize=\dimen280
)
\tikz@lastx=\dimen281
\tikz@lasty=\dimen282
\tikz@lastxsaved=\dimen283
\tikz@lastysaved=\dimen284
\tikzleveldistance=\dimen285
\tikzsiblingdistance=\dimen286
\tikz@figbox=\box74
\tikz@figbox@bg=\box75
\tikz@tempbox=\box76
\tikz@tempbox@bg=\box77
\tikztreelevel=\count317
\tikznumberofchildren=\count318
\tikznumberofcurrentchild=\count319
\tikz@fig@count=\count320

("C:\Users\light\AppData\Local\Programs\MiKTeX 2.9\tex/generic/pgf/modules\pgfm
odulematrix.code.tex"
File: pgfmodulematrix.code.tex 2019/04/04 v3.1.2 (3.1.2)
\pgfmatrixcurrentrow=\count321
\pgfmatrixcurrentcolumn=\count322
\pgf@matrix@numberofcolumns=\count323
)
\tikz@expandcount=\count324

("C:\Users\light\AppData\Local\Programs\MiKTeX 2.9\tex/generic/pgf/frontendlaye
r/tikz/libraries\tikzlibrarytopaths.code.tex"
File: tikzlibrarytopaths.code.tex 2019/04/04 v3.1.2 (3.1.2)
)))
("C:\Users\light\AppData\Local\Programs\MiKTeX 2.9\tex/latex/lm\lmodern.sty"
Package: lmodern 2009/10/30 v1.6 Latin Modern Fonts
LaTeX Font Info:    Overwriting symbol font `operators' in version `normal'
(Font)                  OT1/cmr/m/n --> OT1/lmr/m/n on input line 22.
LaTeX Font Info:    Overwriting symbol font `letters' in version `normal'
(Font)                  OML/cmm/m/it --> OML/lmm/m/it on input line 23.
LaTeX Font Info:    Overwriting symbol font `symbols' in version `normal'
(Font)                  OMS/cmsy/m/n --> OMS/lmsy/m/n on input line 24.
LaTeX Font Info:    Overwriting symbol font `largesymbols' in version `normal'
(Font)                  OMX/cmex/m/n --> OMX/lmex/m/n on input line 25.
LaTeX Font Info:    Overwriting symbol font `operators' in version `bold'
(Font)                  OT1/cmr/bx/n --> OT1/lmr/bx/n on input line 26.
LaTeX Font Info:    Overwriting symbol font `letters' in version `bold'
(Font)                  OML/cmm/b/it --> OML/lmm/b/it on input line 27.
LaTeX Font Info:    Overwriting symbol font `symbols' in version `bold'
(Font)                  OMS/cmsy/b/n --> OMS/lmsy/b/n on input line 28.
LaTeX Font Info:    Overwriting symbol font `largesymbols' in version `bold'
(Font)                  OMX/cmex/m/n --> OMX/lmex/m/n on input line 29.
LaTeX Font Info:    Overwriting math alphabet `\mathbf' in version `normal'
(Font)                  OT1/cmr/bx/n --> OT1/lmr/bx/n on input line 31.
LaTeX Font Info:    Overwriting math alphabet `\mathsf' in version `normal'
(Font)                  OT1/cmss/m/n --> OT1/lmss/m/n on input line 32.
LaTeX Font Info:    Overwriting math alphabet `\mathit' in version `normal'
(Font)                  OT1/cmr/m/it --> OT1/lmr/m/it on input line 33.
LaTeX Font Info:    Overwriting math alphabet `\mathtt' in version `normal'
(Font)                  OT1/cmtt/m/n --> OT1/lmtt/m/n on input line 34.
LaTeX Font Info:    Overwriting math alphabet `\mathbf' in version `bold'
(Font)                  OT1/cmr/bx/n --> OT1/lmr/bx/n on input line 35.
LaTeX Font Info:    Overwriting math alphabet `\mathsf' in version `bold'
(Font)                  OT1/cmss/bx/n --> OT1/lmss/bx/n on input line 36.
LaTeX Font Info:    Overwriting math alphabet `\mathit' in version `bold'
(Font)                  OT1/cmr/bx/it --> OT1/lmr/bx/it on input line 37.
LaTeX Font Info:    Overwriting math alphabet `\mathtt' in version `bold'
(Font)                  OT1/cmtt/m/n --> OT1/lmtt/m/n on input line 38.
)
("C:\Users\light\AppData\Local\Programs\MiKTeX 2.9\tex/latex/commath\commath.st
y" ("C:\Users\light\AppData\Local\Programs\MiKTeX 2.9\tex/latex/base\ifthen.sty
"
Package: ifthen 2014/09/29 v1.1c Standard LaTeX ifthen package (DPC)
))
("C:\Users\light\AppData\Local\Programs\MiKTeX 2.9\tex/generic/pgf/frontendlaye
r/tikz/libraries\tikzlibrarycalc.code.tex"
File: tikzlibrarycalc.code.tex 2019/04/04 v3.1.2 (3.1.2)
)
("C:\Users\light\AppData\Local\Programs\MiKTeX 2.9\tex/latex/tools\afterpage.st
y"
Package: afterpage 2014/10/28 v1.08 After-Page Package (DPC)
\AP@output=\toks46
\AP@partial=\box78
\AP@footins=\box79
)
("C:\Users\light\AppData\Local\Programs\MiKTeX 2.9\tex/latex/tcolorbox\tcolorbo
x.sty"
Package: tcolorbox 2019/03/02 version 4.20 text color boxes

("C:\Users\light\AppData\Local\Programs\MiKTeX 2.9\tex/latex/tools\verbatim.sty
"
Package: verbatim 2014/10/28 v1.5q LaTeX2e package for verbatim enhancements
\every@verbatim=\toks47
\verbatim@line=\toks48
\verbatim@in@stream=\read3
)
("C:\Users\light\AppData\Local\Programs\MiKTeX 2.9\tex/latex/environ\environ.st
y"
Package: environ 2014/05/04 v0.3 A new way to define environments

("C:\Users\light\AppData\Local\Programs\MiKTeX 2.9\tex/latex/trimspaces\trimspa
ces.sty"
Package: trimspaces 2009/09/17 v1.1 Trim spaces around a token list
))
\tcb@titlebox=\box80
\tcb@upperbox=\box81
\tcb@lowerbox=\box82
\tcb@phantombox=\box83
\c@tcbbreakpart=\count325
\c@tcblayer=\count326
\tcolorbox@number=\count327
\tcb@temp=\box84
\tcb@temp=\box85
\tcb@temp=\box86
\tcb@temp=\box87
\tcb@out=\write5
\tcb@record@out=\write6
)
\tmpShadow=\skip64

("C:\Users\light\AppData\Local\Programs\MiKTeX 2.9\tex/latex/tools\multicol.sty
"
Package: multicol 2018/12/27 v1.8v multicolumn formatting (FMi)
\c@tracingmulticols=\count328
\mult@box=\box88
\multicol@leftmargin=\dimen287
\c@unbalance=\count329
\c@collectmore=\count330
\doublecol@number=\count331
\multicoltolerance=\count332
\multicolpretolerance=\count333
\full@width=\dimen288
\page@free=\dimen289
\premulticols=\dimen290
\postmulticols=\dimen291
\multicolsep=\skip65
\multicolbaselineskip=\skip66
\partial@page=\box89
\last@line=\box90
\maxbalancingoverflow=\dimen292
\mult@rightbox=\box91
\mult@grightbox=\box92
\mult@gfirstbox=\box93
\mult@firstbox=\box94
\@tempa=\box95
\@tempa=\box96
\@tempa=\box97
\@tempa=\box98
\@tempa=\box99
\@tempa=\box100
\@tempa=\box101
\@tempa=\box102
\@tempa=\box103
\@tempa=\box104
\@tempa=\box105
\@tempa=\box106
\@tempa=\box107
\@tempa=\box108
\@tempa=\box109
\@tempa=\box110
\@tempa=\box111
\c@columnbadness=\count334
\c@finalcolumnbadness=\count335
\last@try=\dimen293
\multicolovershoot=\dimen294
\multicolundershoot=\dimen295
\mult@nat@firstbox=\box112
\colbreak@box=\box113
\mc@col@check@num=\count336
)
\c@mycounter=\count337

("C:\Users\light\AppData\Local\Programs\MiKTeX 2.9\tex/latex/beamer\beamertheme
Madrid.sty"
("C:\Users\light\AppData\Local\Programs\MiKTeX 2.9\tex/latex/beamer\beamercolor
themewhale.sty")
("C:\Users\light\AppData\Local\Programs\MiKTeX 2.9\tex/latex/beamer\beamercolor
themeorchid.sty")
("C:\Users\light\AppData\Local\Programs\MiKTeX 2.9\tex/latex/beamer\beamerinner
themerounded.sty")
("C:\Users\light\AppData\Local\Programs\MiKTeX 2.9\tex/latex/beamer\beamerouter
themeinfolines.sty")) (slides.aux)
\openout1 = `slides.aux'.

LaTeX Font Info:    Checking defaults for OML/cmm/m/it on input line 205.
LaTeX Font Info:    ... okay on input line 205.
LaTeX Font Info:    Checking defaults for T1/cmr/m/n on input line 205.
LaTeX Font Info:    ... okay on input line 205.
LaTeX Font Info:    Checking defaults for OT1/cmr/m/n on input line 205.
LaTeX Font Info:    ... okay on input line 205.
LaTeX Font Info:    Checking defaults for OMS/cmsy/m/n on input line 205.
LaTeX Font Info:    ... okay on input line 205.
LaTeX Font Info:    Checking defaults for OMX/cmex/m/n on input line 205.
LaTeX Font Info:    ... okay on input line 205.
LaTeX Font Info:    Checking defaults for U/cmr/m/n on input line 205.
LaTeX Font Info:    ... okay on input line 205.
LaTeX Font Info:    Checking defaults for PD1/pdf/m/n on input line 205.
LaTeX Font Info:    ... okay on input line 205.
LaTeX Font Info:    Try loading font information for OT1+lmss on input line 205
.

("C:\Users\light\AppData\Local\Programs\MiKTeX 2.9\tex/latex/lm\ot1lmss.fd"
File: ot1lmss.fd 2009/10/30 v1.6 Font defs for Latin Modern
)
*geometry* driver: auto-detecting
*geometry* detected driver: pdftex
*geometry* verbose mode - [ preamble ] result:
* driver: pdftex
* paper: custom
* layout: <same size as paper>
* layoutoffset:(h,v)=(0.0pt,0.0pt)
* modes: includehead includefoot 
* h-part:(L,W,R)=(10.95003pt, 342.2953pt, 10.95003pt)
* v-part:(T,H,B)=(0.0pt, 273.14662pt, 0.0pt)
* \paperwidth=364.19536pt
* \paperheight=273.14662pt
* \textwidth=342.2953pt
* \textheight=244.6939pt
* \oddsidemargin=-61.31996pt
* \evensidemargin=-61.31996pt
* \topmargin=-72.26999pt
* \headheight=14.22636pt
* \headsep=0.0pt
* \topskip=11.0pt
* \footskip=14.22636pt
* \marginparwidth=4.0pt
* \marginparsep=10.0pt
* \columnsep=10.0pt
* \skip\footins=10.0pt plus 4.0pt minus 2.0pt
* \hoffset=0.0pt
* \voffset=0.0pt
* \mag=1000
* \@twocolumnfalse
* \@twosidefalse
* \@mparswitchfalse
* \@reversemarginfalse
* (1in=72.27pt=25.4mm, 1cm=28.453pt)


("C:\Users\light\AppData\Local\Programs\MiKTeX 2.9\tex/context/base/mkii\supp-p
df.mkii"
[Loading MPS to PDF converter (version 2006.09.02).]
\scratchcounter=\count338
\scratchdimen=\dimen296
\scratchbox=\box114
\nofMPsegments=\count339
\nofMParguments=\count340
\everyMPshowfont=\toks49
\MPscratchCnt=\count341
\MPscratchDim=\dimen297
\MPnumerator=\count342
\makeMPintoPDFobject=\count343
\everyMPtoPDFconversion=\toks50
)
("C:\Users\light\AppData\Local\Programs\MiKTeX 2.9\tex/latex/oberdiek\epstopdf-
base.sty"
Package: epstopdf-base 2016/05/15 v2.6 Base part for package epstopdf

("C:\Users\light\AppData\Local\Programs\MiKTeX 2.9\tex/latex/oberdiek\grfext.st
y"
Package: grfext 2016/05/16 v1.2 Manage graphics extensions (HO)
)
Package epstopdf-base Info: Redefining graphics rule for `.eps' on input line 4
38.
Package grfext Info: Graphics extension search list:
(grfext)             [.pdf,.png,.jpg,.mps,.jpeg,.jbig2,.jb2,.PDF,.PNG,.JPG,.JPE
G,.JBIG2,.JB2,.eps]
(grfext)             \AppendGraphicsExtensions on input line 456.
) ABD: EveryShipout initializing macros
\AtBeginShipoutBox=\box115
Package hyperref Info: Link coloring OFF on input line 205.

("C:\Users\light\AppData\Local\Programs\MiKTeX 2.9\tex/latex/hyperref\nameref.s
ty"
Package: nameref 2016/05/21 v2.44 Cross-referencing by name of section

("C:\Users\light\AppData\Local\Programs\MiKTeX 2.9\tex/generic/oberdiek\gettitl
estring.sty"
Package: gettitlestring 2016/05/16 v1.5 Cleanup title references (HO)
)
\c@section@level=\count344
)
LaTeX Info: Redefining \ref on input line 205.
LaTeX Info: Redefining \pageref on input line 205.
LaTeX Info: Redefining \nameref on input line 205.
 (slides.out) (slides.out)
\@outlinefile=\write7
\openout7 = `slides.out'.

LaTeX Font Info:    Overwriting symbol font `operators' in version `normal'
(Font)                  OT1/lmr/m/n --> OT1/cmss/m/n on input line 205.
LaTeX Font Info:    Overwriting symbol font `operators' in version `bold'
(Font)                  OT1/lmr/bx/n --> OT1/cmss/bx/n on input line 205.
LaTeX Font Info:    Overwriting symbol font `operators' in version `normal'
(Font)                  OT1/cmss/m/n --> OT1/lmss/m/n on input line 205.
LaTeX Font Info:    Overwriting symbol font `operators' in version `bold'
(Font)                  OT1/cmss/bx/n --> OT1/lmss/bx/n on input line 205.
\symnumbers=\mathgroup6
\sympureletters=\mathgroup7
LaTeX Font Info:    Overwriting math alphabet `\mathrm' in version `normal'
(Font)                  OT1/lmss/m/n --> OT1/lmr/m/n on input line 205.
LaTeX Font Info:    Redeclaring math alphabet \mathbf on input line 205.
LaTeX Font Info:    Overwriting math alphabet `\mathbf' in version `normal'
(Font)                  OT1/lmr/bx/n --> OT1/lmss/bx/n on input line 205.
LaTeX Font Info:    Overwriting math alphabet `\mathbf' in version `bold'
(Font)                  OT1/lmr/bx/n --> OT1/lmss/bx/n on input line 205.
LaTeX Font Info:    Redeclaring math alphabet \mathsf on input line 205.
LaTeX Font Info:    Overwriting math alphabet `\mathsf' in version `normal'
(Font)                  OT1/lmss/m/n --> OT1/lmss/m/n on input line 205.
LaTeX Font Info:    Overwriting math alphabet `\mathsf' in version `bold'
(Font)                  OT1/lmss/bx/n --> OT1/lmss/m/n on input line 205.
LaTeX Font Info:    Redeclaring math alphabet \mathit on input line 205.
LaTeX Font Info:    Overwriting math alphabet `\mathit' in version `normal'
(Font)                  OT1/lmr/m/it --> OT1/lmss/m/it on input line 205.
LaTeX Font Info:    Overwriting math alphabet `\mathit' in version `bold'
(Font)                  OT1/lmr/bx/it --> OT1/lmss/m/it on input line 205.
LaTeX Font Info:    Redeclaring math alphabet \mathtt on input line 205.
LaTeX Font Info:    Overwriting math alphabet `\mathtt' in version `normal'
(Font)                  OT1/lmtt/m/n --> OT1/lmtt/m/n on input line 205.
LaTeX Font Info:    Overwriting math alphabet `\mathtt' in version `bold'
(Font)                  OT1/lmtt/m/n --> OT1/lmtt/m/n on input line 205.
LaTeX Font Info:    Overwriting symbol font `numbers' in version `bold'
(Font)                  OT1/lmss/m/n --> OT1/lmss/bx/n on input line 205.
LaTeX Font Info:    Overwriting symbol font `pureletters' in version `bold'
(Font)                  OT1/lmss/m/it --> OT1/lmss/bx/it on input line 205.
LaTeX Font Info:    Overwriting math alphabet `\mathrm' in version `bold'
(Font)                  OT1/lmss/bx/n --> OT1/lmr/bx/n on input line 205.
LaTeX Font Info:    Overwriting math alphabet `\mathbf' in version `bold'
(Font)                  OT1/lmss/bx/n --> OT1/lmss/bx/n on input line 205.
LaTeX Font Info:    Overwriting math alphabet `\mathsf' in version `bold'
(Font)                  OT1/lmss/m/n --> OT1/lmss/bx/n on input line 205.
LaTeX Font Info:    Overwriting math alphabet `\mathit' in version `bold'
(Font)                  OT1/lmss/m/it --> OT1/lmss/bx/it on input line 205.
LaTeX Font Info:    Overwriting math alphabet `\mathtt' in version `bold'
(Font)                  OT1/lmtt/m/n --> OT1/lmtt/bx/n on input line 205.

("C:\Users\light\AppData\Local\Programs\MiKTeX 2.9\tex/latex/translator\transla
tor-basic-dictionary-English.dict"
Dictionary: translator-basic-dictionary, Language: English 
)
("C:\Users\light\AppData\Local\Programs\MiKTeX 2.9\tex/latex/translator\transla
tor-bibliography-dictionary-English.dict"
Dictionary: translator-bibliography-dictionary, Language: English 
)
("C:\Users\light\AppData\Local\Programs\MiKTeX 2.9\tex/latex/translator\transla
tor-environment-dictionary-English.dict"
Dictionary: translator-environment-dictionary, Language: English 
)
("C:\Users\light\AppData\Local\Programs\MiKTeX 2.9\tex/latex/translator\transla
tor-months-dictionary-English.dict"
Dictionary: translator-months-dictionary, Language: English 
)
("C:\Users\light\AppData\Local\Programs\MiKTeX 2.9\tex/latex/translator\transla
tor-numbers-dictionary-English.dict"
Dictionary: translator-numbers-dictionary, Language: English 
)
("C:\Users\light\AppData\Local\Programs\MiKTeX 2.9\tex/latex/translator\transla
tor-theorem-dictionary-English.dict"
Dictionary: translator-theorem-dictionary, Language: English 
) (slides.nav)
Overfull \hbox (69.20503pt too wide) in paragraph at lines 205--205
 [][][][]  
 []

LaTeX Font Info:    Try loading font information for OML+lmm on input line 209.

("C:\Users\light\AppData\Local\Programs\MiKTeX 2.9\tex/latex/lm\omllmm.fd"
File: omllmm.fd 2009/10/30 v1.6 Font defs for Latin Modern
)
LaTeX Font Info:    Try loading font information for OMS+lmsy on input line 209
.

("C:\Users\light\AppData\Local\Programs\MiKTeX 2.9\tex/latex/lm\omslmsy.fd"
File: omslmsy.fd 2009/10/30 v1.6 Font defs for Latin Modern
)
LaTeX Font Info:    Try loading font information for OMX+lmex on input line 209
.

("C:\Users\light\AppData\Local\Programs\MiKTeX 2.9\tex/latex/lm\omxlmex.fd"
File: omxlmex.fd 2009/10/30 v1.6 Font defs for Latin Modern
)
LaTeX Font Info:    External font `lmex10' loaded for size
(Font)              <10.95> on input line 209.
LaTeX Font Info:    External font `lmex10' loaded for size
(Font)              <8> on input line 209.
LaTeX Font Info:    External font `lmex10' loaded for size
(Font)              <6> on input line 209.
LaTeX Font Info:    Try loading font information for U+msa on input line 209.

("C:\Users\light\AppData\Local\Programs\MiKTeX 2.9\tex/latex/amsfonts\umsa.fd"
File: umsa.fd 2013/01/14 v3.01 AMS symbols A
)
LaTeX Font Info:    Try loading font information for U+msb on input line 209.
("C:\Users\light\AppData\Local\Programs\MiKTeX 2.9\tex/latex/amsfonts\umsb.fd"
File: umsb.fd 2013/01/14 v3.01 AMS symbols B
)
LaTeX Font Info:    Font shape `OT1/lmss/m/it' in size <10.95> not available
(Font)              Font shape `OT1/lmss/m/sl' tried instead on input line 209.

LaTeX Font Info:    Font shape `OT1/lmss/m/it' in size <8> not available
(Font)              Font shape `OT1/lmss/m/sl' tried instead on input line 209.

LaTeX Font Info:    Font shape `OT1/lmss/m/it' in size <6> not available
(Font)              Font shape `OT1/lmss/m/sl' tried instead on input line 209.

LaTeX Font Info:    External font `lmex10' loaded for size
(Font)              <5> on input line 209.
LaTeX Font Info:    Font shape `OT1/lmss/m/it' in size <5> not available
(Font)              Font shape `OT1/lmss/m/sl' tried instead on input line 209.


Overfull \hbox (69.20503pt too wide) has occurred while \output is active
 [][][][]  
 []

[1

{C:/Users/light/AppData/Local/MiKTeX/2.9/pdftex/config/pdftex.map} <./universit
y-logo.jpg>]
<figures/experiments.png, id=31, 1159.2108pt x 788.7066pt>
File: figures/experiments.png Graphic file (type png)
<use figures/experiments.png>
Package pdftex.def Info: figures/experiments.png  used on input line 259.
(pdftex.def)             Requested size: 308.06367pt x 209.59595pt.

Overfull \hbox (69.20503pt too wide) has occurred while \output is active
 [][][][]  
 []

[2

 <./figures/experiments.png

pdfTeX warning: pdflatex.exe (file ./figures/experiments.png): large interlaced
 PNG might cause out of memory (use non-interlaced PNG to fix this)
>]
<figures/performance.png, id=40, 232.9503pt x 162.8484pt>
File: figures/performance.png Graphic file (type png)
<use figures/performance.png>
Package pdftex.def Info: figures/performance.png  used on input line 292.
(pdftex.def)             Requested size: 102.68962pt x 71.78769pt.
File: figures/experiments.png Graphic file (type png)
<use figures/experiments.png>
Package pdftex.def Info: figures/experiments.png  used on input line 292.
(pdftex.def)             Requested size: 160.8792pt x 109.45538pt.

Overfull \hbox (69.20503pt too wide) has occurred while \output is active
 [][][][]  
 []

[3

 <./figures/performance.png>]
File: figures/performance.png Graphic file (type png)
<use figures/performance.png>
Package pdftex.def Info: figures/performance.png  used on input line 292.
(pdftex.def)             Requested size: 102.68962pt x 71.78769pt.
File: figures/experiments.png Graphic file (type png)
<use figures/experiments.png>
Package pdftex.def Info: figures/experiments.png  used on input line 292.
(pdftex.def)             Requested size: 160.8792pt x 109.45538pt.

Overfull \hbox (69.20503pt too wide) has occurred while \output is active
 [][][][]  
 []

[4

]
File: figures/performance.png Graphic file (type png)
<use figures/performance.png>
Package pdftex.def Info: figures/performance.png  used on input line 292.
(pdftex.def)             Requested size: 102.68962pt x 71.78769pt.
File: figures/experiments.png Graphic file (type png)
<use figures/experiments.png>
Package pdftex.def Info: figures/experiments.png  used on input line 292.
(pdftex.def)             Requested size: 160.8792pt x 109.45538pt.

Overfull \hbox (69.20503pt too wide) has occurred while \output is active
 [][][][]  
 []

[5

]
File: figures/performance.png Graphic file (type png)
<use figures/performance.png>
Package pdftex.def Info: figures/performance.png  used on input line 292.
(pdftex.def)             Requested size: 102.68962pt x 71.78769pt.
File: figures/experiments.png Graphic file (type png)
<use figures/experiments.png>
Package pdftex.def Info: figures/experiments.png  used on input line 292.
(pdftex.def)             Requested size: 160.8792pt x 109.45538pt.

Overfull \hbox (69.20503pt too wide) has occurred while \output is active
 [][][][]  
 []

[6

]
File: figures/performance.png Graphic file (type png)
<use figures/performance.png>
Package pdftex.def Info: figures/performance.png  used on input line 292.
(pdftex.def)             Requested size: 102.68962pt x 71.78769pt.
File: figures/experiments.png Graphic file (type png)
<use figures/experiments.png>
Package pdftex.def Info: figures/experiments.png  used on input line 292.
(pdftex.def)             Requested size: 160.8792pt x 109.45538pt.

Overfull \hbox (69.20503pt too wide) has occurred while \output is active
 [][][][]  
 []

[7

]
<figures/MWMothers.png, id=75, 750.1626pt x 257.2812pt>
File: figures/MWMothers.png Graphic file (type png)
<use figures/MWMothers.png>
Package pdftex.def Info: figures/MWMothers.png  used on input line 322.
(pdftex.def)             Requested size: 308.06367pt x 105.65479pt.
LaTeX Font Info:    External font `lmex10' loaded for size
(Font)              <10> on input line 322.
LaTeX Font Info:    External font `lmex10' loaded for size
(Font)              <7> on input line 322.
LaTeX Font Info:    Font shape `OT1/lmss/m/it' in size <10> not available
(Font)              Font shape `OT1/lmss/m/sl' tried instead on input line 322.

LaTeX Font Info:    Font shape `OT1/lmss/m/it' in size <7> not available
(Font)              Font shape `OT1/lmss/m/sl' tried instead on input line 322.


Overfull \hbox (69.20503pt too wide) has occurred while \output is active
 [][][][]  
 []

[8

 <./figures/MWMothers.png>]
<figures/gehringetal.png, id=83, 328.1058pt x 239.2137pt>
File: figures/gehringetal.png Graphic file (type png)
<use figures/gehringetal.png>
Package pdftex.def Info: figures/gehringetal.png  used on input line 349.
(pdftex.def)             Requested size: 136.91603pt x 99.82298pt.
<figures/vourosetal.png, id=84, 889.8846pt x 254.6313pt>
File: figures/vourosetal.png Graphic file (type png)
<use figures/vourosetal.png>
Package pdftex.def Info: figures/vourosetal.png  used on input line 349.
(pdftex.def)             Requested size: 308.06367pt x 88.14706pt.

Overfull \vbox (3.948pt too high) detected at line 349
 []


Overfull \hbox (69.20503pt too wide) has occurred while \output is active
 [][][][]  
 []

[9

 <./figures/gehringetal.png> <./figures/vourosetal.png

pdfTeX warning: pdflatex.exe (file ./figures/vourosetal.png): large interlaced 
PNG might cause out of memory (use non-interlaced PNG to fix this)
>]
File: figures/gehringetal.png Graphic file (type png)
<use figures/gehringetal.png>
Package pdftex.def Info: figures/gehringetal.png  used on input line 349.
(pdftex.def)             Requested size: 136.91603pt x 99.82298pt.
File: figures/vourosetal.png Graphic file (type png)
<use figures/vourosetal.png>
Package pdftex.def Info: figures/vourosetal.png  used on input line 349.
(pdftex.def)             Requested size: 308.06367pt x 88.14706pt.

Overfull \vbox (3.948pt too high) detected at line 349
 []


Overfull \hbox (69.20503pt too wide) has occurred while \output is active
 [][][][]  
 []

[10

]
<figures/roda.png, id=99, 598.6365pt x 151.5261pt>
File: figures/roda.png Graphic file (type png)
<use figures/roda.png>
Package pdftex.def Info: figures/roda.png  used on input line 357.
(pdftex.def)             Requested size: 342.2953pt x 86.64127pt.

Overfull \hbox (69.20503pt too wide) has occurred while \output is active
 [][][][]  
 []

[11

 <./figures/roda.png>]
<figures/collaborations1.png, id=107, 663.4386pt x 226.2051pt>
File: figures/collaborations1.png Graphic file (type png)
<use figures/collaborations1.png>
Package pdftex.def Info: figures/collaborations1.png  used on input line 363.
(pdftex.def)             Requested size: 342.2953pt x 116.71263pt.

Overfull \hbox (69.20503pt too wide) has occurred while \output is active
 [][][][]  
 []

[12

 <./figures/collaborations1.png

pdfTeX warning: pdflatex.exe (file ./figures/collaborations1.png): large interl
aced PNG might cause out of memory (use non-interlaced PNG to fix this)
>]
<figures/collaborations2.png, id=115, 663.4386pt x 276.0714pt>
File: figures/collaborations2.png Graphic file (type png)
<use figures/collaborations2.png>
Package pdftex.def Info: figures/collaborations2.png  used on input line 369.
(pdftex.def)             Requested size: 342.2953pt x 142.44162pt.

Overfull \hbox (69.20503pt too wide) has occurred while \output is active
 [][][][]  
 []

[13

 <./figures/collaborations2.png

pdfTeX warning: pdflatex.exe (file ./figures/collaborations2.png): large interl
aced PNG might cause out of memory (use non-interlaced PNG to fix this)
>]
<figures/EPFLwork.png, id=124, 837.6093pt x 441.5697pt>
File: figures/EPFLwork.png Graphic file (type png)
<use figures/EPFLwork.png>
Package pdftex.def Info: figures/EPFLwork.png  used on input line 383.
(pdftex.def)             Requested size: 342.2953pt x 180.45181pt.

Overfull \hbox (69.20503pt too wide) has occurred while \output is active
 [][][][]  
 []

[14

 <./figures/EPFLwork.png

pdfTeX warning: pdflatex.exe (file ./figures/EPFLwork.png): large interlaced PN
G might cause out of memory (use non-interlaced PNG to fix this)
>]
<figures/othersX3.png, id=132, 361.1091pt x 267.399pt>
File: figures/othersX3.png Graphic file (type png)
<use figures/othersX3.png>
Package pdftex.def Info: figures/othersX3.png  used on input line 394.
(pdftex.def)             Requested size: 239.60567pt x 177.43048pt.

Overfull \hbox (69.20503pt too wide) has occurred while \output is active
 [][][][]  
 []

[15

 <./figures/othersX3.png>]
<figures/features.png, id=140, 599.6001pt x 427.1157pt>
File: figures/features.png Graphic file (type png)
<use figures/features.png>
Package pdftex.def Info: figures/features.png  used on input line 408.
(pdftex.def)             Requested size: 239.60567pt x 170.68031pt.

Overfull \hbox (69.20503pt too wide) has occurred while \output is active
 [][][][]  
 []

[16

 <./figures/features.png>]
<figures/karishmaetal.png, id=148, 729.6861pt x 219.9417pt>
File: figures/karishmaetal.png Graphic file (type png)
<use figures/karishmaetal.png>
Package pdftex.def Info: figures/karishmaetal.png  used on input line 423.
(pdftex.def)             Requested size: 342.2953pt x 103.17795pt.

Overfull \hbox (69.20503pt too wide) has occurred while \output is active
 [][][][]  
 []

[17

 <./figures/karishmaetal.png

pdfTeX warning: pdflatex.exe (file ./figures/karishmaetal.png): large interlace
d PNG might cause out of memory (use non-interlaced PNG to fix this)
>]
Overfull \vbox (3.25288pt too high) detected at line 461
 []


Overfull \hbox (69.20503pt too wide) has occurred while \output is active
 [][][][]  
 []

[18

]
Overfull \vbox (3.25288pt too high) detected at line 461
 []


Overfull \hbox (69.20503pt too wide) has occurred while \output is active
 [][][][]  
 []

[19

]
<figures/NAG2.png, id=169, 576.2328pt x 259.6902pt>
File: figures/NAG2.png Graphic file (type png)
<use figures/NAG2.png>
Package pdftex.def Info: figures/NAG2.png  used on input line 488.
(pdftex.def)             Requested size: 205.37926pt x 92.55719pt.

Overfull \vbox (2.18742pt too high) detected at line 488
 []


Overfull \hbox (69.20503pt too wide) has occurred while \output is active
 [][][][]  
 []

[20

 <./figures/NAG2.png

pdfTeX warning: pdflatex.exe (file ./figures/NAG2.png): large interlaced PNG mi
ght cause out of memory (use non-interlaced PNG to fix this)
>]
File: figures/NAG2.png Graphic file (type png)
<use figures/NAG2.png>
Package pdftex.def Info: figures/NAG2.png  used on input line 488.
(pdftex.def)             Requested size: 205.37926pt x 92.55719pt.

Overfull \vbox (2.18742pt too high) detected at line 488
 []


Overfull \hbox (69.20503pt too wide) has occurred while \output is active
 [][][][]  
 []

[21

]
File: figures/NAG2.png Graphic file (type png)
<use figures/NAG2.png>
Package pdftex.def Info: figures/NAG2.png  used on input line 488.
(pdftex.def)             Requested size: 205.37926pt x 92.55719pt.

Overfull \vbox (2.18742pt too high) detected at line 488
 []


Overfull \hbox (69.20503pt too wide) has occurred while \output is active
 [][][][]  
 []

[22

]
File: figures/NAG2.png Graphic file (type png)
<use figures/NAG2.png>
Package pdftex.def Info: figures/NAG2.png  used on input line 488.
(pdftex.def)             Requested size: 205.37926pt x 92.55719pt.

Overfull \vbox (2.18742pt too high) detected at line 488
 []


Overfull \hbox (69.20503pt too wide) has occurred while \output is active
 [][][][]  
 []

[23

]
<figures/placeavoid2.png, id=195, 246.4407pt x 175.6161pt>
File: figures/placeavoid2.png Graphic file (type png)
<use figures/placeavoid2.png>
Package pdftex.def Info: figures/placeavoid2.png  used on input line 511.
(pdftex.def)             Requested size: 171.14764pt x 121.96039pt.

Overfull \hbox (5.0pt too wide) in paragraph at lines 511--511
 [] 
 []


Overfull \hbox (69.20503pt too wide) has occurred while \output is active
 [][][][]  
 []

[24

 <./figures/placeavoid2.png (PNG copy)>]
File: figures/placeavoid2.png Graphic file (type png)
<use figures/placeavoid2.png>
Package pdftex.def Info: figures/placeavoid2.png  used on input line 511.
(pdftex.def)             Requested size: 171.14764pt x 121.96039pt.

Overfull \hbox (5.0pt too wide) in paragraph at lines 511--511
 [] 
 []


Overfull \hbox (69.20503pt too wide) has occurred while \output is active
 [][][][]  
 []

[25

]
<figures/final.jpg, id=209, 1619.04875pt x 1375.1375pt>
File: figures/final.jpg Graphic file (type jpg)
<use figures/final.jpg>
Package pdftex.def Info: figures/final.jpg  used on input line 524.
(pdftex.def)             Requested size: 171.14764pt x 145.34842pt.
 [26

 <./figures/final.jpg>]
\tf@nav=\write8
\openout8 = `slides.nav'.

\tf@toc=\write9
\openout9 = `slides.toc'.

\tf@snm=\write10
\openout10 = `slides.snm'.

Package atveryend Info: Empty hook `BeforeClearDocument' on input line 528.
Package atveryend Info: Empty hook `AfterLastShipout' on input line 528.
 (slides.aux)
Package atveryend Info: Executing hook `AtVeryEndDocument' on input line 528.
Package atveryend Info: Executing hook `AtEndAfterFileList' on input line 528.
Package rerunfilecheck Info: File `slides.out' has not changed.
(rerunfilecheck)             Checksum: D41D8CD98F00B204E9800998ECF8427E;0.
 ) 
Here is how much of TeX's memory you used:
 32412 strings out of 492897
 656402 string characters out of 3123755
 787391 words of memory out of 3000000
 35712 multiletter control sequences out of 15000+200000
 586742 words of font info for 70 fonts, out of 3000000 for 9000
 1141 hyphenation exceptions out of 8191
 56i,15n,75p,791b,783s stack positions out of 5000i,500n,10000p,200000b,50000s
{C:/Users/light/AppData/Local/Programs/MiKTeX 2.9/fonts/enc/dvips/lm/lm-rm.en
c}{C:/Users/light/AppData/Local/Programs/MiKTeX 2.9/fonts/enc/dvips/lm/lm-maths
y.enc}<C:/Users/light/AppData/Local/Programs/MiKTeX 2.9/fonts/type1/public/lm/l
mss10.pfb><C:/Users/light/AppData/Local/Programs/MiKTeX 2.9/fonts/type1/public/
lm/lmss12.pfb><C:/Users/light/AppData/Local/Programs/MiKTeX 2.9/fonts/type1/pub
lic/lm/lmss8.pfb><C:/Users/light/AppData/Local/Programs/MiKTeX 2.9/fonts/type1/
public/lm/lmssbx10.pfb><C:/Users/light/AppData/Local/Programs/MiKTeX 2.9/fonts/
type1/public/lm/lmsy10.pfb>
Output written on slides.pdf (26 pages, 4169648 bytes).
PDF statistics:
 246 PDF objects out of 1000 (max. 8388607)
 53 named destinations out of 1000 (max. 500000)
 141 words of extra memory for PDF output out of 10000 (max. 10000000)

